{"level":"info","message":"::1 - - [02/Jul/2020:16:51:59 +0000] \"GET /apidoc/ HTTP/1.1\" 200 -\n","timestamp":"2020-07-02T16:51:59.134Z"}
{"level":"info","message":"::1 - - [02/Jul/2020:16:51:59 +0000] \"GET /apidoc/vendor/bootstrap.min.css HTTP/1.1\" 200 -\n","timestamp":"2020-07-02T16:51:59.155Z"}
{"level":"info","message":"::1 - - [02/Jul/2020:16:51:59 +0000] \"GET /apidoc/vendor/prettify.css HTTP/1.1\" 200 -\n","timestamp":"2020-07-02T16:51:59.162Z"}
{"level":"info","message":"::1 - - [02/Jul/2020:16:51:59 +0000] \"GET /apidoc/vendor/polyfill.js HTTP/1.1\" 200 -\n","timestamp":"2020-07-02T16:51:59.170Z"}
{"level":"info","message":"::1 - - [02/Jul/2020:16:51:59 +0000] \"GET /apidoc/vendor/require.min.js HTTP/1.1\" 200 -\n","timestamp":"2020-07-02T16:51:59.175Z"}
{"level":"info","message":"::1 - - [02/Jul/2020:16:51:59 +0000] \"GET /apidoc/css/style.css HTTP/1.1\" 200 -\n","timestamp":"2020-07-02T16:51:59.184Z"}
{"level":"info","message":"::1 - - [02/Jul/2020:16:51:59 +0000] \"GET /apidoc/main.js HTTP/1.1\" 200 -\n","timestamp":"2020-07-02T16:51:59.207Z"}
{"level":"info","message":"::1 - - [02/Jul/2020:16:51:59 +0000] \"GET /apidoc/img/favicon.ico HTTP/1.1\" 200 894\n","timestamp":"2020-07-02T16:51:59.221Z"}
{"level":"info","message":"::1 - - [02/Jul/2020:16:51:59 +0000] \"GET /apidoc/api_project.js?v=1593708719209 HTTP/1.1\" 200 359\n","timestamp":"2020-07-02T16:51:59.222Z"}
{"level":"info","message":"::1 - - [02/Jul/2020:16:51:59 +0000] \"GET /apidoc/utils/send_sample_request.js?v=1593708719209 HTTP/1.1\" 200 -\n","timestamp":"2020-07-02T16:51:59.224Z"}
{"level":"info","message":"::1 - - [02/Jul/2020:16:51:59 +0000] \"GET /apidoc/vendor/semver.min.js?v=1593708719209 HTTP/1.1\" 200 -\n","timestamp":"2020-07-02T16:51:59.227Z"}
{"level":"info","message":"::1 - - [02/Jul/2020:16:51:59 +0000] \"GET /apidoc/vendor/lodash.min.js?v=1593708719209 HTTP/1.1\" 200 -\n","timestamp":"2020-07-02T16:51:59.228Z"}
{"level":"info","message":"::1 - - [02/Jul/2020:16:51:59 +0000] \"GET /apidoc/vendor/jquery.min.js?v=1593708719209 HTTP/1.1\" 200 -\n","timestamp":"2020-07-02T16:51:59.231Z"}
{"level":"info","message":"::1 - - [02/Jul/2020:16:51:59 +0000] \"GET /apidoc/locales/locale.js?v=1593708719209 HTTP/1.1\" 200 -\n","timestamp":"2020-07-02T16:51:59.240Z"}
{"level":"info","message":"::1 - - [02/Jul/2020:16:51:59 +0000] \"GET /apidoc/api_data.js?v=1593708719209 HTTP/1.1\" 200 -\n","timestamp":"2020-07-02T16:51:59.239Z"}
{"level":"info","message":"::1 - - [02/Jul/2020:16:51:59 +0000] \"GET /apidoc/vendor/webfontloader.js?v=1593708719209 HTTP/1.1\" 200 -\n","timestamp":"2020-07-02T16:51:59.250Z"}
{"level":"info","message":"::1 - - [02/Jul/2020:16:51:59 +0000] \"GET /apidoc/vendor/handlebars.min.js?v=1593708719209 HTTP/1.1\" 200 -\n","timestamp":"2020-07-02T16:51:59.255Z"}
{"level":"info","message":"::1 - - [02/Jul/2020:16:51:59 +0000] \"GET /apidoc/vendor/prettify/prettify.js?v=1593708719209 HTTP/1.1\" 200 -\n","timestamp":"2020-07-02T16:51:59.257Z"}
{"level":"info","message":"::1 - - [02/Jul/2020:16:51:59 +0000] \"GET /apidoc/vendor/path-to-regexp/index.js?v=1593708719209 HTTP/1.1\" 200 -\n","timestamp":"2020-07-02T16:51:59.256Z"}
{"level":"info","message":"::1 - - [02/Jul/2020:16:51:59 +0000] \"GET /apidoc/locales/ca.js?v=1593708719209 HTTP/1.1\" 200 -\n","timestamp":"2020-07-02T16:51:59.275Z"}
{"level":"info","message":"::1 - - [02/Jul/2020:16:51:59 +0000] \"GET /apidoc/locales/de.js?v=1593708719209 HTTP/1.1\" 200 -\n","timestamp":"2020-07-02T16:51:59.275Z"}
{"level":"info","message":"::1 - - [02/Jul/2020:16:51:59 +0000] \"GET /apidoc/vendor/bootstrap.min.js?v=1593708719209 HTTP/1.1\" 200 -\n","timestamp":"2020-07-02T16:51:59.279Z"}
{"level":"info","message":"::1 - - [02/Jul/2020:16:51:59 +0000] \"GET /apidoc/locales/es.js?v=1593708719209 HTTP/1.1\" 200 -\n","timestamp":"2020-07-02T16:51:59.284Z"}
{"level":"info","message":"::1 - - [02/Jul/2020:16:51:59 +0000] \"GET /apidoc/locales/fr.js?v=1593708719209 HTTP/1.1\" 200 -\n","timestamp":"2020-07-02T16:51:59.284Z"}
{"level":"info","message":"::1 - - [02/Jul/2020:16:51:59 +0000] \"GET /apidoc/locales/nl.js?v=1593708719209 HTTP/1.1\" 200 -\n","timestamp":"2020-07-02T16:51:59.288Z"}
{"level":"info","message":"::1 - - [02/Jul/2020:16:51:59 +0000] \"GET /apidoc/locales/pl.js?v=1593708719209 HTTP/1.1\" 200 -\n","timestamp":"2020-07-02T16:51:59.288Z"}
{"level":"info","message":"::1 - - [02/Jul/2020:16:51:59 +0000] \"GET /apidoc/locales/pt_br.js?v=1593708719209 HTTP/1.1\" 200 -\n","timestamp":"2020-07-02T16:51:59.289Z"}
{"level":"info","message":"::1 - - [02/Jul/2020:16:51:59 +0000] \"GET /apidoc/locales/zh.js?v=1593708719209 HTTP/1.1\" 200 -\n","timestamp":"2020-07-02T16:51:59.293Z"}
{"level":"info","message":"::1 - - [02/Jul/2020:16:51:59 +0000] \"GET /apidoc/locales/ru.js?v=1593708719209 HTTP/1.1\" 200 -\n","timestamp":"2020-07-02T16:51:59.293Z"}
{"level":"info","message":"::1 - - [02/Jul/2020:16:51:59 +0000] \"GET /apidoc/locales/zh_cn.js?v=1593708719209 HTTP/1.1\" 200 -\n","timestamp":"2020-07-02T16:51:59.293Z"}
{"level":"info","message":"::1 - - [02/Jul/2020:16:51:59 +0000] \"GET /apidoc/utils/handlebars_helper.js?v=1593708719209 HTTP/1.1\" 200 -\n","timestamp":"2020-07-02T16:51:59.312Z"}
{"level":"info","message":"::1 - - [02/Jul/2020:16:51:59 +0000] \"GET /apidoc/vendor/diff_match_patch.min.js?v=1593708719209 HTTP/1.1\" 200 -\n","timestamp":"2020-07-02T16:51:59.335Z"}
{"level":"info","message":"::1 - - [02/Jul/2020:16:52:34 +0000] \"GET /apidoc/css/style.css HTTP/1.1\" 304 -\n","timestamp":"2020-07-02T16:52:34.059Z"}
{"level":"info","message":"::1 - - [02/Jul/2020:16:52:34 +0000] \"GET /apidoc/vendor/prettify.css HTTP/1.1\" 304 -\n","timestamp":"2020-07-02T16:52:34.067Z"}
{"level":"info","message":"::1 - - [02/Jul/2020:16:52:34 +0000] \"GET /apidoc/vendor/bootstrap.min.css HTTP/1.1\" 304 -\n","timestamp":"2020-07-02T16:52:34.067Z"}
{"level":"info","message":"::1 - - [02/Jul/2020:16:52:42 +0000] \"GET /apidoc/ HTTP/1.1\" 304 -\n","timestamp":"2020-07-02T16:52:42.253Z"}
{"level":"info","message":"::1 - - [02/Jul/2020:16:52:42 +0000] \"GET /apidoc/vendor/prettify.css HTTP/1.1\" 304 -\n","timestamp":"2020-07-02T16:52:42.272Z"}
{"level":"info","message":"::1 - - [02/Jul/2020:16:52:42 +0000] \"GET /apidoc/vendor/bootstrap.min.css HTTP/1.1\" 304 -\n","timestamp":"2020-07-02T16:52:42.272Z"}
{"level":"info","message":"::1 - - [02/Jul/2020:16:52:42 +0000] \"GET /apidoc/vendor/require.min.js HTTP/1.1\" 304 -\n","timestamp":"2020-07-02T16:52:42.273Z"}
{"level":"info","message":"::1 - - [02/Jul/2020:16:52:42 +0000] \"GET /apidoc/vendor/polyfill.js HTTP/1.1\" 304 -\n","timestamp":"2020-07-02T16:52:42.273Z"}
{"level":"info","message":"::1 - - [02/Jul/2020:16:52:42 +0000] \"GET /apidoc/css/style.css HTTP/1.1\" 304 -\n","timestamp":"2020-07-02T16:52:42.273Z"}
{"level":"info","message":"::1 - - [02/Jul/2020:16:52:42 +0000] \"GET /apidoc/img/favicon.ico HTTP/1.1\" 200 894\n","timestamp":"2020-07-02T16:52:42.301Z"}
{"level":"info","message":"::1 - - [02/Jul/2020:16:52:42 +0000] \"GET /apidoc/main.js HTTP/1.1\" 304 -\n","timestamp":"2020-07-02T16:52:42.301Z"}
{"level":"info","message":"::1 - - [02/Jul/2020:16:52:42 +0000] \"GET /apidoc/api_project.js?v=1593708762303 HTTP/1.1\" 200 359\n","timestamp":"2020-07-02T16:52:42.313Z"}
{"level":"info","message":"::1 - - [02/Jul/2020:16:52:42 +0000] \"GET /apidoc/locales/locale.js?v=1593708762303 HTTP/1.1\" 200 -\n","timestamp":"2020-07-02T16:52:42.313Z"}
{"level":"info","message":"::1 - - [02/Jul/2020:16:52:42 +0000] \"GET /apidoc/vendor/lodash.min.js?v=1593708762303 HTTP/1.1\" 200 -\n","timestamp":"2020-07-02T16:52:42.315Z"}
{"level":"info","message":"::1 - - [02/Jul/2020:16:52:42 +0000] \"GET /apidoc/vendor/jquery.min.js?v=1593708762303 HTTP/1.1\" 200 -\n","timestamp":"2020-07-02T16:52:42.318Z"}
{"level":"info","message":"::1 - - [02/Jul/2020:16:52:42 +0000] \"GET /apidoc/api_data.js?v=1593708762303 HTTP/1.1\" 200 -\n","timestamp":"2020-07-02T16:52:42.320Z"}
{"level":"info","message":"::1 - - [02/Jul/2020:16:52:42 +0000] \"GET /apidoc/utils/send_sample_request.js?v=1593708762303 HTTP/1.1\" 200 -\n","timestamp":"2020-07-02T16:52:42.322Z"}
{"level":"info","message":"::1 - - [02/Jul/2020:16:52:42 +0000] \"GET /apidoc/vendor/semver.min.js?v=1593708762303 HTTP/1.1\" 200 -\n","timestamp":"2020-07-02T16:52:42.324Z"}
{"level":"info","message":"::1 - - [02/Jul/2020:16:52:42 +0000] \"GET /apidoc/vendor/webfontloader.js?v=1593708762303 HTTP/1.1\" 200 -\n","timestamp":"2020-07-02T16:52:42.324Z"}
{"level":"info","message":"::1 - - [02/Jul/2020:16:52:42 +0000] \"GET /apidoc/vendor/path-to-regexp/index.js?v=1593708762303 HTTP/1.1\" 200 -\n","timestamp":"2020-07-02T16:52:42.324Z"}
{"level":"info","message":"::1 - - [02/Jul/2020:16:52:42 +0000] \"GET /apidoc/vendor/prettify/prettify.js?v=1593708762303 HTTP/1.1\" 200 -\n","timestamp":"2020-07-02T16:52:42.330Z"}
{"level":"info","message":"::1 - - [02/Jul/2020:16:52:42 +0000] \"GET /apidoc/locales/ca.js?v=1593708762303 HTTP/1.1\" 200 -\n","timestamp":"2020-07-02T16:52:42.331Z"}
{"level":"info","message":"::1 - - [02/Jul/2020:16:52:42 +0000] \"GET /apidoc/vendor/handlebars.min.js?v=1593708762303 HTTP/1.1\" 200 -\n","timestamp":"2020-07-02T16:52:42.332Z"}
{"level":"info","message":"::1 - - [02/Jul/2020:16:52:42 +0000] \"GET /apidoc/locales/de.js?v=1593708762303 HTTP/1.1\" 200 -\n","timestamp":"2020-07-02T16:52:42.337Z"}
{"level":"info","message":"::1 - - [02/Jul/2020:16:52:42 +0000] \"GET /apidoc/locales/es.js?v=1593708762303 HTTP/1.1\" 200 -\n","timestamp":"2020-07-02T16:52:42.337Z"}
{"level":"info","message":"::1 - - [02/Jul/2020:16:52:42 +0000] \"GET /apidoc/locales/nl.js?v=1593708762303 HTTP/1.1\" 200 -\n","timestamp":"2020-07-02T16:52:42.338Z"}
{"level":"info","message":"::1 - - [02/Jul/2020:16:52:42 +0000] \"GET /apidoc/locales/fr.js?v=1593708762303 HTTP/1.1\" 200 -\n","timestamp":"2020-07-02T16:52:42.338Z"}
{"level":"info","message":"::1 - - [02/Jul/2020:16:52:42 +0000] \"GET /apidoc/locales/pl.js?v=1593708762303 HTTP/1.1\" 200 -\n","timestamp":"2020-07-02T16:52:42.338Z"}
{"level":"info","message":"::1 - - [02/Jul/2020:16:52:42 +0000] \"GET /apidoc/locales/pt_br.js?v=1593708762303 HTTP/1.1\" 200 -\n","timestamp":"2020-07-02T16:52:42.344Z"}
{"level":"info","message":"::1 - - [02/Jul/2020:16:52:42 +0000] \"GET /apidoc/locales/zh_cn.js?v=1593708762303 HTTP/1.1\" 200 -\n","timestamp":"2020-07-02T16:52:42.345Z"}
{"level":"info","message":"::1 - - [02/Jul/2020:16:52:42 +0000] \"GET /apidoc/locales/zh.js?v=1593708762303 HTTP/1.1\" 200 -\n","timestamp":"2020-07-02T16:52:42.345Z"}
{"level":"info","message":"::1 - - [02/Jul/2020:16:52:42 +0000] \"GET /apidoc/locales/ru.js?v=1593708762303 HTTP/1.1\" 200 -\n","timestamp":"2020-07-02T16:52:42.345Z"}
{"level":"info","message":"::1 - - [02/Jul/2020:16:52:42 +0000] \"GET /apidoc/vendor/bootstrap.min.js?v=1593708762303 HTTP/1.1\" 200 -\n","timestamp":"2020-07-02T16:52:42.351Z"}
{"level":"info","message":"::1 - - [02/Jul/2020:16:52:42 +0000] \"GET /apidoc/utils/handlebars_helper.js?v=1593708762303 HTTP/1.1\" 200 -\n","timestamp":"2020-07-02T16:52:42.381Z"}
{"level":"info","message":"::1 - - [02/Jul/2020:16:52:42 +0000] \"GET /apidoc/vendor/diff_match_patch.min.js?v=1593708762303 HTTP/1.1\" 200 -\n","timestamp":"2020-07-02T16:52:42.391Z"}
{"level":"info","message":"::1 - - [02/Jul/2020:17:04:33 +0000] \"GET /apidoc/ HTTP/1.1\" - -\n","timestamp":"2020-07-02T17:04:33.308Z"}
{"level":"info","message":"::1 - - [02/Jul/2020:17:05:41 +0000] \"GET /apidoc/ HTTP/1.1\" 200 -\n","timestamp":"2020-07-02T17:05:41.714Z"}
{"level":"info","message":"::1 - - [02/Jul/2020:17:05:41 +0000] \"GET /apidoc/vendor/bootstrap.min.css HTTP/1.1\" 200 -\n","timestamp":"2020-07-02T17:05:41.734Z"}
{"level":"info","message":"::1 - - [02/Jul/2020:17:05:41 +0000] \"GET /apidoc/vendor/prettify.css HTTP/1.1\" 200 -\n","timestamp":"2020-07-02T17:05:41.743Z"}
{"level":"info","message":"::1 - - [02/Jul/2020:17:05:41 +0000] \"GET /apidoc/css/style.css HTTP/1.1\" 200 -\n","timestamp":"2020-07-02T17:05:41.744Z"}
{"level":"info","message":"::1 - - [02/Jul/2020:17:05:41 +0000] \"GET /apidoc/vendor/polyfill.js HTTP/1.1\" 200 -\n","timestamp":"2020-07-02T17:05:41.746Z"}
{"level":"info","message":"::1 - - [02/Jul/2020:17:05:41 +0000] \"GET /apidoc/vendor/require.min.js HTTP/1.1\" 200 -\n","timestamp":"2020-07-02T17:05:41.757Z"}
{"level":"info","message":"::1 - - [02/Jul/2020:17:05:41 +0000] \"GET /apidoc/main.js HTTP/1.1\" 200 -\n","timestamp":"2020-07-02T17:05:41.772Z"}
{"level":"info","message":"::1 - - [02/Jul/2020:17:05:41 +0000] \"GET /apidoc/img/favicon.ico HTTP/1.1\" 200 894\n","timestamp":"2020-07-02T17:05:41.781Z"}
{"level":"info","message":"::1 - - [02/Jul/2020:17:05:41 +0000] \"GET /apidoc/vendor/lodash.min.js?v=1593709541773 HTTP/1.1\" 200 -\n","timestamp":"2020-07-02T17:05:41.784Z"}
{"level":"info","message":"::1 - - [02/Jul/2020:17:05:41 +0000] \"GET /apidoc/api_project.js?v=1593709541773 HTTP/1.1\" 200 359\n","timestamp":"2020-07-02T17:05:41.784Z"}
{"level":"info","message":"::1 - - [02/Jul/2020:17:05:41 +0000] \"GET /apidoc/locales/locale.js?v=1593709541773 HTTP/1.1\" 200 -\n","timestamp":"2020-07-02T17:05:41.785Z"}
{"level":"info","message":"::1 - - [02/Jul/2020:17:05:41 +0000] \"GET /apidoc/vendor/jquery.min.js?v=1593709541773 HTTP/1.1\" 200 -\n","timestamp":"2020-07-02T17:05:41.786Z"}
{"level":"info","message":"::1 - - [02/Jul/2020:17:05:41 +0000] \"GET /apidoc/vendor/semver.min.js?v=1593709541773 HTTP/1.1\" 200 -\n","timestamp":"2020-07-02T17:05:41.790Z"}
{"level":"info","message":"::1 - - [02/Jul/2020:17:05:41 +0000] \"GET /apidoc/vendor/prettify/prettify.js?v=1593709541773 HTTP/1.1\" 200 -\n","timestamp":"2020-07-02T17:05:41.791Z"}
{"level":"info","message":"::1 - - [02/Jul/2020:17:05:41 +0000] \"GET /apidoc/vendor/webfontloader.js?v=1593709541773 HTTP/1.1\" 200 -\n","timestamp":"2020-07-02T17:05:41.791Z"}
{"level":"info","message":"::1 - - [02/Jul/2020:17:05:41 +0000] \"GET /apidoc/utils/send_sample_request.js?v=1593709541773 HTTP/1.1\" 200 -\n","timestamp":"2020-07-02T17:05:41.792Z"}
{"level":"info","message":"::1 - - [02/Jul/2020:17:05:41 +0000] \"GET /apidoc/vendor/path-to-regexp/index.js?v=1593709541773 HTTP/1.1\" 200 -\n","timestamp":"2020-07-02T17:05:41.795Z"}
{"level":"info","message":"::1 - - [02/Jul/2020:17:05:41 +0000] \"GET /apidoc/locales/de.js?v=1593709541773 HTTP/1.1\" 200 -\n","timestamp":"2020-07-02T17:05:41.802Z"}
{"level":"info","message":"::1 - - [02/Jul/2020:17:05:41 +0000] \"GET /apidoc/locales/ca.js?v=1593709541773 HTTP/1.1\" 200 -\n","timestamp":"2020-07-02T17:05:41.802Z"}
{"level":"info","message":"::1 - - [02/Jul/2020:17:05:41 +0000] \"GET /apidoc/locales/es.js?v=1593709541773 HTTP/1.1\" 200 -\n","timestamp":"2020-07-02T17:05:41.802Z"}
{"level":"info","message":"::1 - - [02/Jul/2020:17:05:41 +0000] \"GET /apidoc/locales/fr.js?v=1593709541773 HTTP/1.1\" 200 -\n","timestamp":"2020-07-02T17:05:41.803Z"}
{"level":"info","message":"::1 - - [02/Jul/2020:17:05:41 +0000] \"GET /apidoc/locales/nl.js?v=1593709541773 HTTP/1.1\" 200 -\n","timestamp":"2020-07-02T17:05:41.804Z"}
{"level":"info","message":"::1 - - [02/Jul/2020:17:05:41 +0000] \"GET /apidoc/api_data.js?v=1593709541773 HTTP/1.1\" 200 -\n","timestamp":"2020-07-02T17:05:41.806Z"}
{"level":"info","message":"::1 - - [02/Jul/2020:17:05:41 +0000] \"GET /apidoc/locales/pl.js?v=1593709541773 HTTP/1.1\" 200 -\n","timestamp":"2020-07-02T17:05:41.810Z"}
{"level":"info","message":"::1 - - [02/Jul/2020:17:05:41 +0000] \"GET /apidoc/locales/zh.js?v=1593709541773 HTTP/1.1\" 200 -\n","timestamp":"2020-07-02T17:05:41.810Z"}
{"level":"info","message":"::1 - - [02/Jul/2020:17:05:41 +0000] \"GET /apidoc/locales/ru.js?v=1593709541773 HTTP/1.1\" 200 -\n","timestamp":"2020-07-02T17:05:41.810Z"}
{"level":"info","message":"::1 - - [02/Jul/2020:17:05:41 +0000] \"GET /apidoc/locales/zh_cn.js?v=1593709541773 HTTP/1.1\" 200 -\n","timestamp":"2020-07-02T17:05:41.811Z"}
{"level":"info","message":"::1 - - [02/Jul/2020:17:05:41 +0000] \"GET /apidoc/locales/pt_br.js?v=1593709541773 HTTP/1.1\" 200 -\n","timestamp":"2020-07-02T17:05:41.811Z"}
{"level":"info","message":"::1 - - [02/Jul/2020:17:05:41 +0000] \"GET /apidoc/vendor/handlebars.min.js?v=1593709541773 HTTP/1.1\" 200 -\n","timestamp":"2020-07-02T17:05:41.817Z"}
{"level":"info","message":"::1 - - [02/Jul/2020:17:05:41 +0000] \"GET /apidoc/vendor/bootstrap.min.js?v=1593709541773 HTTP/1.1\" 200 -\n","timestamp":"2020-07-02T17:05:41.817Z"}
{"level":"info","message":"::1 - - [02/Jul/2020:17:05:41 +0000] \"GET /apidoc/utils/handlebars_helper.js?v=1593709541773 HTTP/1.1\" 200 -\n","timestamp":"2020-07-02T17:05:41.867Z"}
{"level":"info","message":"::1 - - [02/Jul/2020:17:05:41 +0000] \"GET /apidoc/vendor/diff_match_patch.min.js?v=1593709541773 HTTP/1.1\" 200 -\n","timestamp":"2020-07-02T17:05:41.918Z"}
{"level":"info","message":"::1 - - [02/Jul/2020:17:05:45 +0000] \"GET /apidoc/vendor/bootstrap.min.css HTTP/1.1\" 304 -\n","timestamp":"2020-07-02T17:05:45.065Z"}
{"level":"info","message":"::1 - - [02/Jul/2020:17:05:45 +0000] \"GET /apidoc/vendor/prettify.css HTTP/1.1\" 304 -\n","timestamp":"2020-07-02T17:05:45.065Z"}
{"level":"info","message":"::1 - - [02/Jul/2020:17:05:45 +0000] \"GET /apidoc/css/style.css HTTP/1.1\" 304 -\n","timestamp":"2020-07-02T17:05:45.065Z"}
{"level":"info","message":"::1 - - [02/Jul/2020:17:07:00 +0000] \"GET /apidoc/ HTTP/1.1\" 200 26534\n","timestamp":"2020-07-02T17:07:00.968Z"}
{"level":"info","message":"::1 - - [02/Jul/2020:17:07:00 +0000] \"GET /apidoc/vendor/bootstrap.min.css HTTP/1.1\" 200 106006\n","timestamp":"2020-07-02T17:07:00.990Z"}
{"level":"info","message":"::1 - - [02/Jul/2020:17:07:00 +0000] \"GET /apidoc/vendor/prettify.css HTTP/1.1\" 200 1482\n","timestamp":"2020-07-02T17:07:00.999Z"}
{"level":"info","message":"::1 - - [02/Jul/2020:17:07:00 +0000] \"GET /apidoc/css/style.css HTTP/1.1\" 200 9962\n","timestamp":"2020-07-02T17:07:01.000Z"}
{"level":"info","message":"::1 - - [02/Jul/2020:17:07:01 +0000] \"GET /apidoc/vendor/require.min.js HTTP/1.1\" 200 15218\n","timestamp":"2020-07-02T17:07:01.001Z"}
{"level":"info","message":"::1 - - [02/Jul/2020:17:07:01 +0000] \"GET /apidoc/vendor/polyfill.js HTTP/1.1\" 200 2783\n","timestamp":"2020-07-02T17:07:01.001Z"}
{"level":"info","message":"::1 - - [02/Jul/2020:17:07:01 +0000] \"GET /apidoc/img/favicon.ico HTTP/1.1\" 200 894\n","timestamp":"2020-07-02T17:07:01.029Z"}
{"level":"info","message":"::1 - - [02/Jul/2020:17:07:01 +0000] \"GET /apidoc/main.js HTTP/1.1\" 200 24202\n","timestamp":"2020-07-02T17:07:01.033Z"}
{"level":"info","message":"::1 - - [02/Jul/2020:17:07:01 +0000] \"GET /apidoc/locales/locale.js?v=1593709621035 HTTP/1.1\" 200 1134\n","timestamp":"2020-07-02T17:07:01.045Z"}
{"level":"info","message":"::1 - - [02/Jul/2020:17:07:01 +0000] \"GET /apidoc/vendor/jquery.min.js?v=1593709621035 HTTP/1.1\" 200 95786\n","timestamp":"2020-07-02T17:07:01.045Z"}
{"level":"info","message":"::1 - - [02/Jul/2020:17:07:01 +0000] \"GET /apidoc/vendor/lodash.min.js?v=1593709621035 HTTP/1.1\" 200 31341\n","timestamp":"2020-07-02T17:07:01.045Z"}
{"level":"info","message":"::1 - - [02/Jul/2020:17:07:01 +0000] \"GET /apidoc/api_project.js?v=1593709621035 HTTP/1.1\" 200 359\n","timestamp":"2020-07-02T17:07:01.046Z"}
{"level":"info","message":"::1 - - [02/Jul/2020:17:07:01 +0000] \"GET /apidoc/api_data.js?v=1593709621035 HTTP/1.1\" 200 19959\n","timestamp":"2020-07-02T17:07:01.051Z"}
{"level":"info","message":"::1 - - [02/Jul/2020:17:07:01 +0000] \"GET /apidoc/vendor/semver.min.js?v=1593709621035 HTTP/1.1\" 200 12950\n","timestamp":"2020-07-02T17:07:01.065Z"}
{"level":"info","message":"::1 - - [02/Jul/2020:17:07:01 +0000] \"GET /apidoc/vendor/path-to-regexp/index.js?v=1593709621035 HTTP/1.1\" 200 5147\n","timestamp":"2020-07-02T17:07:01.069Z"}
{"level":"info","message":"::1 - - [02/Jul/2020:17:07:01 +0000] \"GET /apidoc/vendor/prettify/prettify.js?v=1593709621035 HTTP/1.1\" 200 14551\n","timestamp":"2020-07-02T17:07:01.069Z"}
{"level":"info","message":"::1 - - [02/Jul/2020:17:07:01 +0000] \"GET /apidoc/locales/ca.js?v=1593709621035 HTTP/1.1\" 200 1225\n","timestamp":"2020-07-02T17:07:01.069Z"}
{"level":"info","message":"::1 - - [02/Jul/2020:17:07:01 +0000] \"GET /apidoc/vendor/webfontloader.js?v=1593709621035 HTTP/1.1\" 200 12362\n","timestamp":"2020-07-02T17:07:01.070Z"}
{"level":"info","message":"::1 - - [02/Jul/2020:17:07:01 +0000] \"GET /apidoc/utils/send_sample_request.js?v=1593709621035 HTTP/1.1\" 200 6180\n","timestamp":"2020-07-02T17:07:01.066Z"}
{"level":"info","message":"::1 - - [02/Jul/2020:17:07:01 +0000] \"GET /apidoc/locales/de.js?v=1593709621035 HTTP/1.1\" 200 1234\n","timestamp":"2020-07-02T17:07:01.074Z"}
{"level":"info","message":"::1 - - [02/Jul/2020:17:07:01 +0000] \"GET /apidoc/locales/fr.js?v=1593709621035 HTTP/1.1\" 200 1264\n","timestamp":"2020-07-02T17:07:01.075Z"}
{"level":"info","message":"::1 - - [02/Jul/2020:17:07:01 +0000] \"GET /apidoc/locales/es.js?v=1593709621035 HTTP/1.1\" 200 1244\n","timestamp":"2020-07-02T17:07:01.075Z"}
{"level":"info","message":"::1 - - [02/Jul/2020:17:07:01 +0000] \"GET /apidoc/locales/nl.js?v=1593709621035 HTTP/1.1\" 200 1241\n","timestamp":"2020-07-02T17:07:01.075Z"}
{"level":"info","message":"::1 - - [02/Jul/2020:17:07:01 +0000] \"GET /apidoc/locales/pl.js?v=1593709621035 HTTP/1.1\" 200 1226\n","timestamp":"2020-07-02T17:07:01.079Z"}
{"level":"info","message":"::1 - - [02/Jul/2020:17:07:01 +0000] \"GET /apidoc/locales/pt_br.js?v=1593709621035 HTTP/1.1\" 200 1236\n","timestamp":"2020-07-02T17:07:01.081Z"}
{"level":"info","message":"::1 - - [02/Jul/2020:17:07:01 +0000] \"GET /apidoc/locales/ru.js?v=1593709621035 HTTP/1.1\" 200 1481\n","timestamp":"2020-07-02T17:07:01.082Z"}
{"level":"info","message":"::1 - - [02/Jul/2020:17:07:01 +0000] \"GET /apidoc/locales/zh_cn.js?v=1593709621035 HTTP/1.1\" 200 1186\n","timestamp":"2020-07-02T17:07:01.082Z"}
{"level":"info","message":"::1 - - [02/Jul/2020:17:07:01 +0000] \"GET /apidoc/vendor/handlebars.min.js?v=1593709621035 HTTP/1.1\" 200 48517\n","timestamp":"2020-07-02T17:07:01.082Z"}
{"level":"info","message":"::1 - - [02/Jul/2020:17:07:01 +0000] \"GET /apidoc/locales/zh.js?v=1593709621035 HTTP/1.1\" 200 1163\n","timestamp":"2020-07-02T17:07:01.084Z"}
{"level":"info","message":"::1 - - [02/Jul/2020:17:07:01 +0000] \"GET /apidoc/vendor/bootstrap.min.js?v=1593709621035 HTTP/1.1\" 200 28631\n","timestamp":"2020-07-02T17:07:01.089Z"}
{"level":"info","message":"::1 - - [02/Jul/2020:17:07:01 +0000] \"GET /apidoc/utils/handlebars_helper.js?v=1593709621035 HTTP/1.1\" 200 9397\n","timestamp":"2020-07-02T17:07:01.136Z"}
{"level":"info","message":"::1 - - [02/Jul/2020:17:07:01 +0000] \"GET /apidoc/vendor/diff_match_patch.min.js?v=1593709621035 HTTP/1.1\" 200 19192\n","timestamp":"2020-07-02T17:07:01.145Z"}
{"level":"info","message":"::1 - - [02/Jul/2020:17:07:19 +0000] \"GET /apidoc/ HTTP/1.1\" 304 -\n","timestamp":"2020-07-02T17:07:19.685Z"}
{"level":"info","message":"::1 - - [02/Jul/2020:17:07:19 +0000] \"GET /apidoc/vendor/bootstrap.min.css HTTP/1.1\" 304 -\n","timestamp":"2020-07-02T17:07:19.700Z"}
{"level":"info","message":"::1 - - [02/Jul/2020:17:07:19 +0000] \"GET /apidoc/vendor/polyfill.js HTTP/1.1\" 304 -\n","timestamp":"2020-07-02T17:07:19.702Z"}
{"level":"info","message":"::1 - - [02/Jul/2020:17:07:19 +0000] \"GET /apidoc/css/style.css HTTP/1.1\" 304 -\n","timestamp":"2020-07-02T17:07:19.702Z"}
{"level":"info","message":"::1 - - [02/Jul/2020:17:07:19 +0000] \"GET /apidoc/vendor/require.min.js HTTP/1.1\" 304 -\n","timestamp":"2020-07-02T17:07:19.702Z"}
{"level":"info","message":"::1 - - [02/Jul/2020:17:07:19 +0000] \"GET /apidoc/vendor/prettify.css HTTP/1.1\" 304 -\n","timestamp":"2020-07-02T17:07:19.711Z"}
{"level":"info","message":"::1 - - [02/Jul/2020:17:07:19 +0000] \"GET /apidoc/main.js HTTP/1.1\" 304 -\n","timestamp":"2020-07-02T17:07:19.732Z"}
{"level":"info","message":"::1 - - [02/Jul/2020:17:07:19 +0000] \"GET /apidoc/img/favicon.ico HTTP/1.1\" 200 894\n","timestamp":"2020-07-02T17:07:19.740Z"}
{"level":"info","message":"::1 - - [02/Jul/2020:17:07:19 +0000] \"GET /apidoc/locales/locale.js?v=1593709639735 HTTP/1.1\" 200 1134\n","timestamp":"2020-07-02T17:07:19.744Z"}
{"level":"info","message":"::1 - - [02/Jul/2020:17:07:19 +0000] \"GET /apidoc/vendor/lodash.min.js?v=1593709639735 HTTP/1.1\" 200 31341\n","timestamp":"2020-07-02T17:07:19.744Z"}
{"level":"info","message":"::1 - - [02/Jul/2020:17:07:19 +0000] \"GET /apidoc/api_project.js?v=1593709639735 HTTP/1.1\" 200 359\n","timestamp":"2020-07-02T17:07:19.744Z"}
{"level":"info","message":"::1 - - [02/Jul/2020:17:07:19 +0000] \"GET /apidoc/vendor/jquery.min.js?v=1593709639735 HTTP/1.1\" 200 95786\n","timestamp":"2020-07-02T17:07:19.744Z"}
{"level":"info","message":"::1 - - [02/Jul/2020:17:07:19 +0000] \"GET /apidoc/vendor/semver.min.js?v=1593709639735 HTTP/1.1\" 200 12950\n","timestamp":"2020-07-02T17:07:19.751Z"}
{"level":"info","message":"::1 - - [02/Jul/2020:17:07:19 +0000] \"GET /apidoc/utils/send_sample_request.js?v=1593709639735 HTTP/1.1\" 200 6180\n","timestamp":"2020-07-02T17:07:19.752Z"}
{"level":"info","message":"::1 - - [02/Jul/2020:17:07:19 +0000] \"GET /apidoc/api_data.js?v=1593709639735 HTTP/1.1\" 200 19959\n","timestamp":"2020-07-02T17:07:19.753Z"}
{"level":"info","message":"::1 - - [02/Jul/2020:17:07:19 +0000] \"GET /apidoc/vendor/webfontloader.js?v=1593709639735 HTTP/1.1\" 200 12362\n","timestamp":"2020-07-02T17:07:19.758Z"}
{"level":"info","message":"::1 - - [02/Jul/2020:17:07:19 +0000] \"GET /apidoc/vendor/path-to-regexp/index.js?v=1593709639735 HTTP/1.1\" 200 5147\n","timestamp":"2020-07-02T17:07:19.758Z"}
{"level":"info","message":"::1 - - [02/Jul/2020:17:07:19 +0000] \"GET /apidoc/locales/de.js?v=1593709639735 HTTP/1.1\" 200 1234\n","timestamp":"2020-07-02T17:07:19.769Z"}
{"level":"info","message":"::1 - - [02/Jul/2020:17:07:19 +0000] \"GET /apidoc/locales/ca.js?v=1593709639735 HTTP/1.1\" 200 1225\n","timestamp":"2020-07-02T17:07:19.769Z"}
{"level":"info","message":"::1 - - [02/Jul/2020:17:07:19 +0000] \"GET /apidoc/vendor/prettify/prettify.js?v=1593709639735 HTTP/1.1\" 200 14551\n","timestamp":"2020-07-02T17:07:19.769Z"}
{"level":"info","message":"::1 - - [02/Jul/2020:17:07:19 +0000] \"GET /apidoc/locales/es.js?v=1593709639735 HTTP/1.1\" 200 1244\n","timestamp":"2020-07-02T17:07:19.769Z"}
{"level":"info","message":"::1 - - [02/Jul/2020:17:07:19 +0000] \"GET /apidoc/locales/fr.js?v=1593709639735 HTTP/1.1\" 200 1264\n","timestamp":"2020-07-02T17:07:19.770Z"}
{"level":"info","message":"::1 - - [02/Jul/2020:17:07:19 +0000] \"GET /apidoc/locales/nl.js?v=1593709639735 HTTP/1.1\" 200 1241\n","timestamp":"2020-07-02T17:07:19.771Z"}
{"level":"info","message":"::1 - - [02/Jul/2020:17:07:19 +0000] \"GET /apidoc/locales/zh_cn.js?v=1593709639735 HTTP/1.1\" 200 1186\n","timestamp":"2020-07-02T17:07:19.778Z"}
{"level":"info","message":"::1 - - [02/Jul/2020:17:07:19 +0000] \"GET /apidoc/locales/zh.js?v=1593709639735 HTTP/1.1\" 200 1163\n","timestamp":"2020-07-02T17:07:19.778Z"}
{"level":"info","message":"::1 - - [02/Jul/2020:17:07:19 +0000] \"GET /apidoc/locales/ru.js?v=1593709639735 HTTP/1.1\" 200 1481\n","timestamp":"2020-07-02T17:07:19.778Z"}
{"level":"info","message":"::1 - - [02/Jul/2020:17:07:19 +0000] \"GET /apidoc/locales/pl.js?v=1593709639735 HTTP/1.1\" 200 1226\n","timestamp":"2020-07-02T17:07:19.779Z"}
{"level":"info","message":"::1 - - [02/Jul/2020:17:07:19 +0000] \"GET /apidoc/vendor/handlebars.min.js?v=1593709639735 HTTP/1.1\" 200 48517\n","timestamp":"2020-07-02T17:07:19.780Z"}
{"level":"info","message":"::1 - - [02/Jul/2020:17:07:19 +0000] \"GET /apidoc/locales/pt_br.js?v=1593709639735 HTTP/1.1\" 200 1236\n","timestamp":"2020-07-02T17:07:19.779Z"}
{"level":"info","message":"::1 - - [02/Jul/2020:17:07:19 +0000] \"GET /apidoc/vendor/bootstrap.min.js?v=1593709639735 HTTP/1.1\" 200 28631\n","timestamp":"2020-07-02T17:07:19.785Z"}
{"level":"info","message":"::1 - - [02/Jul/2020:17:07:19 +0000] \"GET /apidoc/utils/handlebars_helper.js?v=1593709639735 HTTP/1.1\" 200 9397\n","timestamp":"2020-07-02T17:07:19.816Z"}
{"level":"info","message":"::1 - - [02/Jul/2020:17:07:19 +0000] \"GET /apidoc/vendor/diff_match_patch.min.js?v=1593709639735 HTTP/1.1\" 200 19192\n","timestamp":"2020-07-02T17:07:19.829Z"}
{"level":"info","message":"::1 - - [02/Jul/2020:17:07:25 +0000] \"GET /apidoc/ HTTP/1.1\" 304 -\n","timestamp":"2020-07-02T17:07:25.889Z"}
{"level":"info","message":"::1 - - [02/Jul/2020:17:07:25 +0000] \"GET /apidoc/vendor/bootstrap.min.css HTTP/1.1\" 304 -\n","timestamp":"2020-07-02T17:07:25.911Z"}
{"level":"info","message":"::1 - - [02/Jul/2020:17:07:25 +0000] \"GET /apidoc/vendor/polyfill.js HTTP/1.1\" 304 -\n","timestamp":"2020-07-02T17:07:25.912Z"}
{"level":"info","message":"::1 - - [02/Jul/2020:17:07:25 +0000] \"GET /apidoc/css/style.css HTTP/1.1\" 304 -\n","timestamp":"2020-07-02T17:07:25.912Z"}
{"level":"info","message":"::1 - - [02/Jul/2020:17:07:25 +0000] \"GET /apidoc/vendor/prettify.css HTTP/1.1\" 304 -\n","timestamp":"2020-07-02T17:07:25.912Z"}
{"level":"info","message":"::1 - - [02/Jul/2020:17:07:25 +0000] \"GET /apidoc/vendor/require.min.js HTTP/1.1\" 304 -\n","timestamp":"2020-07-02T17:07:25.913Z"}
{"level":"info","message":"::1 - - [02/Jul/2020:17:07:25 +0000] \"GET /apidoc/img/favicon.ico HTTP/1.1\" 200 894\n","timestamp":"2020-07-02T17:07:25.937Z"}
{"level":"info","message":"::1 - - [02/Jul/2020:17:07:25 +0000] \"GET /apidoc/main.js HTTP/1.1\" 304 -\n","timestamp":"2020-07-02T17:07:25.939Z"}
{"level":"info","message":"::1 - - [02/Jul/2020:17:07:25 +0000] \"GET /apidoc/vendor/jquery.min.js?v=1593709645941 HTTP/1.1\" 200 95786\n","timestamp":"2020-07-02T17:07:25.949Z"}
{"level":"info","message":"::1 - - [02/Jul/2020:17:07:25 +0000] \"GET /apidoc/locales/locale.js?v=1593709645941 HTTP/1.1\" 200 1134\n","timestamp":"2020-07-02T17:07:25.949Z"}
{"level":"info","message":"::1 - - [02/Jul/2020:17:07:25 +0000] \"GET /apidoc/vendor/lodash.min.js?v=1593709645941 HTTP/1.1\" 200 31341\n","timestamp":"2020-07-02T17:07:25.950Z"}
{"level":"info","message":"::1 - - [02/Jul/2020:17:07:25 +0000] \"GET /apidoc/api_project.js?v=1593709645941 HTTP/1.1\" 200 359\n","timestamp":"2020-07-02T17:07:25.953Z"}
{"level":"info","message":"::1 - - [02/Jul/2020:17:07:25 +0000] \"GET /apidoc/api_data.js?v=1593709645941 HTTP/1.1\" 200 19959\n","timestamp":"2020-07-02T17:07:25.953Z"}
{"level":"info","message":"::1 - - [02/Jul/2020:17:07:25 +0000] \"GET /apidoc/utils/send_sample_request.js?v=1593709645941 HTTP/1.1\" 200 6180\n","timestamp":"2020-07-02T17:07:25.953Z"}
{"level":"info","message":"::1 - - [02/Jul/2020:17:07:25 +0000] \"GET /apidoc/vendor/semver.min.js?v=1593709645941 HTTP/1.1\" 200 12950\n","timestamp":"2020-07-02T17:07:25.956Z"}
{"level":"info","message":"::1 - - [02/Jul/2020:17:07:25 +0000] \"GET /apidoc/vendor/webfontloader.js?v=1593709645941 HTTP/1.1\" 200 12362\n","timestamp":"2020-07-02T17:07:25.958Z"}
{"level":"info","message":"::1 - - [02/Jul/2020:17:07:25 +0000] \"GET /apidoc/vendor/path-to-regexp/index.js?v=1593709645941 HTTP/1.1\" 200 5147\n","timestamp":"2020-07-02T17:07:25.959Z"}
{"level":"info","message":"::1 - - [02/Jul/2020:17:07:25 +0000] \"GET /apidoc/vendor/prettify/prettify.js?v=1593709645941 HTTP/1.1\" 200 14551\n","timestamp":"2020-07-02T17:07:25.962Z"}
{"level":"info","message":"::1 - - [02/Jul/2020:17:07:25 +0000] \"GET /apidoc/locales/ca.js?v=1593709645941 HTTP/1.1\" 200 1225\n","timestamp":"2020-07-02T17:07:25.963Z"}
{"level":"info","message":"::1 - - [02/Jul/2020:17:07:25 +0000] \"GET /apidoc/locales/de.js?v=1593709645941 HTTP/1.1\" 200 1234\n","timestamp":"2020-07-02T17:07:25.964Z"}
{"level":"info","message":"::1 - - [02/Jul/2020:17:07:25 +0000] \"GET /apidoc/locales/es.js?v=1593709645941 HTTP/1.1\" 200 1244\n","timestamp":"2020-07-02T17:07:25.967Z"}
{"level":"info","message":"::1 - - [02/Jul/2020:17:07:25 +0000] \"GET /apidoc/locales/fr.js?v=1593709645941 HTTP/1.1\" 200 1264\n","timestamp":"2020-07-02T17:07:25.969Z"}
{"level":"info","message":"::1 - - [02/Jul/2020:17:07:25 +0000] \"GET /apidoc/locales/nl.js?v=1593709645941 HTTP/1.1\" 200 1241\n","timestamp":"2020-07-02T17:07:25.969Z"}
{"level":"info","message":"::1 - - [02/Jul/2020:17:07:25 +0000] \"GET /apidoc/locales/pl.js?v=1593709645941 HTTP/1.1\" 200 1226\n","timestamp":"2020-07-02T17:07:25.969Z"}
{"level":"info","message":"::1 - - [02/Jul/2020:17:07:25 +0000] \"GET /apidoc/locales/pt_br.js?v=1593709645941 HTTP/1.1\" 200 1236\n","timestamp":"2020-07-02T17:07:25.971Z"}
{"level":"info","message":"::1 - - [02/Jul/2020:17:07:25 +0000] \"GET /apidoc/locales/ru.js?v=1593709645941 HTTP/1.1\" 200 1481\n","timestamp":"2020-07-02T17:07:25.973Z"}
{"level":"info","message":"::1 - - [02/Jul/2020:17:07:25 +0000] \"GET /apidoc/locales/zh.js?v=1593709645941 HTTP/1.1\" 200 1163\n","timestamp":"2020-07-02T17:07:25.974Z"}
{"level":"info","message":"::1 - - [02/Jul/2020:17:07:25 +0000] \"GET /apidoc/locales/zh_cn.js?v=1593709645941 HTTP/1.1\" 200 1186\n","timestamp":"2020-07-02T17:07:25.974Z"}
{"level":"info","message":"::1 - - [02/Jul/2020:17:07:25 +0000] \"GET /apidoc/vendor/handlebars.min.js?v=1593709645941 HTTP/1.1\" 200 48517\n","timestamp":"2020-07-02T17:07:25.975Z"}
{"level":"info","message":"::1 - - [02/Jul/2020:17:07:25 +0000] \"GET /apidoc/vendor/bootstrap.min.js?v=1593709645941 HTTP/1.1\" 200 28631\n","timestamp":"2020-07-02T17:07:25.987Z"}
{"level":"info","message":"::1 - - [02/Jul/2020:17:07:26 +0000] \"GET /apidoc/utils/handlebars_helper.js?v=1593709645941 HTTP/1.1\" 200 9397\n","timestamp":"2020-07-02T17:07:26.024Z"}
{"level":"info","message":"::1 - - [02/Jul/2020:17:07:26 +0000] \"GET /apidoc/vendor/diff_match_patch.min.js?v=1593709645941 HTTP/1.1\" 200 19192\n","timestamp":"2020-07-02T17:07:26.036Z"}
{"level":"info","message":"::1 - - [02/Jul/2020:17:07:39 +0000] \"GET /apidoc/ HTTP/1.1\" 304 -\n","timestamp":"2020-07-02T17:07:39.357Z"}
{"level":"info","message":"::1 - - [02/Jul/2020:17:07:39 +0000] \"GET /apidoc/vendor/bootstrap.min.css HTTP/1.1\" 304 -\n","timestamp":"2020-07-02T17:07:39.384Z"}
{"level":"info","message":"::1 - - [02/Jul/2020:17:07:39 +0000] \"GET /apidoc/vendor/prettify.css HTTP/1.1\" 304 -\n","timestamp":"2020-07-02T17:07:39.388Z"}
{"level":"info","message":"::1 - - [02/Jul/2020:17:07:39 +0000] \"GET /apidoc/css/style.css HTTP/1.1\" 304 -\n","timestamp":"2020-07-02T17:07:39.388Z"}
{"level":"info","message":"::1 - - [02/Jul/2020:17:07:39 +0000] \"GET /apidoc/vendor/polyfill.js HTTP/1.1\" 304 -\n","timestamp":"2020-07-02T17:07:39.388Z"}
{"level":"info","message":"::1 - - [02/Jul/2020:17:07:39 +0000] \"GET /apidoc/vendor/require.min.js HTTP/1.1\" 304 -\n","timestamp":"2020-07-02T17:07:39.389Z"}
{"level":"info","message":"::1 - - [02/Jul/2020:17:07:39 +0000] \"GET /apidoc/main.js HTTP/1.1\" 304 -\n","timestamp":"2020-07-02T17:07:39.409Z"}
{"level":"info","message":"::1 - - [02/Jul/2020:17:07:39 +0000] \"GET /apidoc/locales/locale.js?v=1593709659413 HTTP/1.1\" 200 1134\n","timestamp":"2020-07-02T17:07:39.420Z"}
{"level":"info","message":"::1 - - [02/Jul/2020:17:07:39 +0000] \"GET /apidoc/vendor/lodash.min.js?v=1593709659413 HTTP/1.1\" 200 31341\n","timestamp":"2020-07-02T17:07:39.420Z"}
{"level":"info","message":"::1 - - [02/Jul/2020:17:07:39 +0000] \"GET /apidoc/vendor/jquery.min.js?v=1593709659413 HTTP/1.1\" 200 95786\n","timestamp":"2020-07-02T17:07:39.421Z"}
{"level":"info","message":"::1 - - [02/Jul/2020:17:07:39 +0000] \"GET /apidoc/api_project.js?v=1593709659413 HTTP/1.1\" 200 359\n","timestamp":"2020-07-02T17:07:39.421Z"}
{"level":"info","message":"::1 - - [02/Jul/2020:17:07:39 +0000] \"GET /apidoc/api_data.js?v=1593709659413 HTTP/1.1\" 200 19959\n","timestamp":"2020-07-02T17:07:39.422Z"}
{"level":"info","message":"::1 - - [02/Jul/2020:17:07:39 +0000] \"GET /apidoc/utils/send_sample_request.js?v=1593709659413 HTTP/1.1\" 200 6180\n","timestamp":"2020-07-02T17:07:39.425Z"}
{"level":"info","message":"::1 - - [02/Jul/2020:17:07:39 +0000] \"GET /apidoc/vendor/semver.min.js?v=1593709659413 HTTP/1.1\" 200 12950\n","timestamp":"2020-07-02T17:07:39.426Z"}
{"level":"info","message":"::1 - - [02/Jul/2020:17:07:39 +0000] \"GET /apidoc/vendor/webfontloader.js?v=1593709659413 HTTP/1.1\" 200 12362\n","timestamp":"2020-07-02T17:07:39.426Z"}
{"level":"info","message":"::1 - - [02/Jul/2020:17:07:39 +0000] \"GET /apidoc/vendor/prettify/prettify.js?v=1593709659413 HTTP/1.1\" 200 14551\n","timestamp":"2020-07-02T17:07:39.430Z"}
{"level":"info","message":"::1 - - [02/Jul/2020:17:07:39 +0000] \"GET /apidoc/locales/ca.js?v=1593709659413 HTTP/1.1\" 200 1225\n","timestamp":"2020-07-02T17:07:39.431Z"}
{"level":"info","message":"::1 - - [02/Jul/2020:17:07:39 +0000] \"GET /apidoc/vendor/path-to-regexp/index.js?v=1593709659413 HTTP/1.1\" 200 5147\n","timestamp":"2020-07-02T17:07:39.431Z"}
{"level":"info","message":"::1 - - [02/Jul/2020:17:07:39 +0000] \"GET /apidoc/locales/fr.js?v=1593709659413 HTTP/1.1\" 200 1264\n","timestamp":"2020-07-02T17:07:39.435Z"}
{"level":"info","message":"::1 - - [02/Jul/2020:17:07:39 +0000] \"GET /apidoc/locales/de.js?v=1593709659413 HTTP/1.1\" 200 1234\n","timestamp":"2020-07-02T17:07:39.435Z"}
{"level":"info","message":"::1 - - [02/Jul/2020:17:07:39 +0000] \"GET /apidoc/locales/es.js?v=1593709659413 HTTP/1.1\" 200 1244\n","timestamp":"2020-07-02T17:07:39.436Z"}
{"level":"info","message":"::1 - - [02/Jul/2020:17:07:39 +0000] \"GET /apidoc/locales/nl.js?v=1593709659413 HTTP/1.1\" 200 1241\n","timestamp":"2020-07-02T17:07:39.437Z"}
{"level":"info","message":"::1 - - [02/Jul/2020:17:07:39 +0000] \"GET /apidoc/locales/pl.js?v=1593709659413 HTTP/1.1\" 200 1226\n","timestamp":"2020-07-02T17:07:39.439Z"}
{"level":"info","message":"::1 - - [02/Jul/2020:17:07:39 +0000] \"GET /apidoc/locales/pt_br.js?v=1593709659413 HTTP/1.1\" 200 1236\n","timestamp":"2020-07-02T17:07:39.440Z"}
{"level":"info","message":"::1 - - [02/Jul/2020:17:07:39 +0000] \"GET /apidoc/locales/zh.js?v=1593709659413 HTTP/1.1\" 200 1163\n","timestamp":"2020-07-02T17:07:39.440Z"}
{"level":"info","message":"::1 - - [02/Jul/2020:17:07:39 +0000] \"GET /apidoc/locales/ru.js?v=1593709659413 HTTP/1.1\" 200 1481\n","timestamp":"2020-07-02T17:07:39.440Z"}
{"level":"info","message":"::1 - - [02/Jul/2020:17:07:39 +0000] \"GET /apidoc/locales/zh_cn.js?v=1593709659413 HTTP/1.1\" 200 1186\n","timestamp":"2020-07-02T17:07:39.441Z"}
{"level":"info","message":"::1 - - [02/Jul/2020:17:07:39 +0000] \"GET /apidoc/vendor/handlebars.min.js?v=1593709659413 HTTP/1.1\" 200 48517\n","timestamp":"2020-07-02T17:07:39.443Z"}
{"level":"info","message":"::1 - - [02/Jul/2020:17:07:39 +0000] \"GET /apidoc/vendor/bootstrap.min.js?v=1593709659413 HTTP/1.1\" 200 28631\n","timestamp":"2020-07-02T17:07:39.450Z"}
{"level":"info","message":"::1 - - [02/Jul/2020:17:07:39 +0000] \"GET /apidoc/utils/handlebars_helper.js?v=1593709659413 HTTP/1.1\" 200 9397\n","timestamp":"2020-07-02T17:07:39.488Z"}
{"level":"info","message":"::1 - - [02/Jul/2020:17:07:39 +0000] \"GET /apidoc/vendor/diff_match_patch.min.js?v=1593709659413 HTTP/1.1\" 200 19192\n","timestamp":"2020-07-02T17:07:39.497Z"}
{"level":"info","message":"::1 - - [02/Jul/2020:17:07:41 +0000] \"GET /apidoc/vendor/bootstrap.min.css HTTP/1.1\" 304 -\n","timestamp":"2020-07-02T17:07:41.356Z"}
{"level":"info","message":"::1 - - [02/Jul/2020:17:07:41 +0000] \"GET /apidoc/vendor/prettify.css HTTP/1.1\" 304 -\n","timestamp":"2020-07-02T17:07:41.356Z"}
{"level":"info","message":"::1 - - [02/Jul/2020:17:07:41 +0000] \"GET /apidoc/css/style.css HTTP/1.1\" 304 -\n","timestamp":"2020-07-02T17:07:41.356Z"}
{"level":"info","message":"::1 - - [02/Jul/2020:17:42:53 +0000] \"GET / HTTP/1.1\" 200 29\n","timestamp":"2020-07-02T17:42:53.903Z"}
{"level":"info","message":"::1 - - [02/Jul/2020:17:42:53 +0000] \"GET /favicon.ico HTTP/1.1\" 404 150\n","timestamp":"2020-07-02T17:42:53.929Z"}
{"level":"info","message":"::1 - - [02/Jul/2020:17:43:17 +0000] \"GET /tasks HTTP/1.1\" 401 -\n","timestamp":"2020-07-02T17:43:17.282Z"}
{"level":"info","message":"::1 - - [02/Jul/2020:17:43:23 +0000] \"GET / HTTP/1.1\" 200 29\n","timestamp":"2020-07-02T17:43:23.518Z"}
{"level":"info","message":"::1 - - [02/Jul/2020:17:45:31 +0000] \"GET / HTTP/1.1\" 200 29\n","timestamp":"2020-07-02T17:45:31.309Z"}
{"level":"info","message":"::1 - - [02/Jul/2020:17:46:18 +0000] \"GET / HTTP/1.1\" 200 29\n","timestamp":"2020-07-02T17:46:18.693Z"}
{"level":"info","message":"::1 - - [02/Jul/2020:17:46:23 +0000] \"GET /tasks HTTP/1.1\" 401 -\n","timestamp":"2020-07-02T17:46:23.921Z"}
{"level":"info","message":"::1 - - [02/Jul/2020:17:47:00 +0000] \"GET / HTTP/1.1\" 200 29\n","timestamp":"2020-07-02T17:47:00.097Z"}
{"level":"info","message":"::1 - - [02/Jul/2020:17:47:21 +0000] \"GET /tasks HTTP/1.1\" 401 -\n","timestamp":"2020-07-02T17:47:21.158Z"}
{"level":"info","message":"::1 - - [02/Jul/2020:17:47:23 +0000] \"GET /tasks HTTP/1.1\" 401 -\n","timestamp":"2020-07-02T17:47:23.337Z"}
{"level":"info","message":"::1 - - [02/Jul/2020:17:53:22 +0000] \"GET /users HTTP/1.1\" 404 144\n","timestamp":"2020-07-02T17:53:22.962Z"}
{"level":"info","message":"::1 - - [02/Jul/2020:17:55:00 +0000] \"GET / HTTP/1.1\" 200 29\n","timestamp":"2020-07-02T17:55:00.972Z"}
